
8412 : 0x41313cb0ded : 3 : logger_init :  LOG FILE OPENED (by collectunits.logger), level: 4
8412 : 0x41313cb0e63 : 4 : pytrace_try_probe_python_functions :  Python version is detected as == 0x0
8412 : 0x41313cbc9a6 : 4 : pytrace_try_probe_python_functions :  Python version is detected as == 0x0
8412 : 0x41313ce3f5f : 4 : pytrace_try_probe_python_functions :  Python version is detected as == 0x0
8412 : 0x41313cef141 : 4 : pytrace_try_probe_python_functions :  Python version is detected as == 0x0
8412 : 0x41313cf3fef : 4 : pytrace_try_probe_python_functions :  Python version is detected as == 0x0
8412 : 0x41313d214bf : 4 : pytrace_try_probe_python_functions :  Python version is detected as == 0x0
8412 : 0x41313d3341e : 4 : pytrace_try_probe_python_functions :  Python version is detected as == 0x0
8412 : 0x41313d46aa0 : 4 : pytrace_try_probe_python_functions :  Python version is detected as == 0x0
8412 : 0x41313d4c1bd : 4 : pytrace_try_probe_python_functions :  Python version is detected as == 0x0
8412 : 0x41313d67180 : 4 : pytrace_try_probe_python_functions :  Python version is detected as == 0x0
8412 : 0x41313d72aba : 4 : pytrace_start_profiling :  [CALLED]
8412 : 0x41313d73a59 : 4 : pytrace_try_probe_python_functions :  Python version is detected as == 0x0
8412 : 0x41313dc5be4 : 4 : pytrace_try_probe_python_functions :  Python version is detected as == 0x0
8412 : 0x41313dc8640 : 4 : pytrace_try_probe_python_functions :  Python version is detected as == 0x0
8412 : 0x41313dca50a : 4 : pytrace_try_probe_python_functions :  Python version is detected as == 0x0
8412 : 0x41313e0fbcd : 4 : pytrace_try_probe_python_functions :  Python version is detected as == 0x0
8412 : 0x41313fd286d : 4 : pytrace_try_probe_python_functions :  Python version is detected as == 0x0
8412 : 0x41313fd8559 : 4 : pytrace_stop_profiling :  [CALLED]
8412 : 0x41313fd857b : 3 : logger_fini :  LOG FILE CLOSED (by collectunits.logger)